<?xml version="1.0" encoding="UTF-8"?>
<testng-results ignored="0" total="2" passed="2" failed="0" skipped="0">
  <reporter-output>
  </reporter-output>
  <suite started-at="2020-09-12T20:45:33 IST" name="DockerEC2Demo" finished-at="2020-09-12T20:46:11 IST" duration-ms="38277">
    <groups>
    </groups>
    <test started-at="2020-09-12T20:45:33 IST" name="ChromeDemo" finished-at="2020-09-12T20:45:58 IST" duration-ms="25102">
      <class name="dockerdemo.FirefoxDemo">
        <test-method is-config="true" signature="setUp(java.lang.String)[pri:0, instance:dockerdemo.FirefoxDemo@6ab7a896]" started-at="2020-09-12T20:45:33 IST" name="setUp" finished-at="2020-09-12T20:45:58 IST" duration-ms="24858" status="PASS">
          <params>
            <param index="0">
              <value>
                <![CDATA[chrome]]>
              </value>
            </param>
          </params>
          <reporter-output>
          </reporter-output>
        </test-method> <!-- setUp -->
        <test-method signature="getTitle()[pri:0, instance:dockerdemo.FirefoxDemo@6ab7a896]" started-at="2020-09-12T20:45:58 IST" name="getTitle" finished-at="2020-09-12T20:45:58 IST" duration-ms="93" status="PASS">
          <reporter-output>
          </reporter-output>
        </test-method> <!-- getTitle -->
        <test-method is-config="true" signature="tearDown()[pri:0, instance:dockerdemo.FirefoxDemo@6ab7a896]" started-at="2020-09-12T20:45:58 IST" name="tearDown" finished-at="2020-09-12T20:45:58 IST" duration-ms="71" status="PASS">
          <reporter-output>
          </reporter-output>
        </test-method> <!-- tearDown -->
      </class> <!-- dockerdemo.FirefoxDemo -->
    </test> <!-- ChromeDemo -->
    <test started-at="2020-09-12T20:45:33 IST" name="FirefoxDemo" finished-at="2020-09-12T20:46:11 IST" duration-ms="38277">
      <class name="dockerdemo.FirefoxDemo">
        <test-method is-config="true" signature="setUp(java.lang.String)[pri:0, instance:dockerdemo.FirefoxDemo@161b062a]" started-at="2020-09-12T20:45:33 IST" name="setUp" finished-at="2020-09-12T20:46:08 IST" duration-ms="35261" status="PASS">
          <params>
            <param index="0">
              <value>
                <![CDATA[firefox]]>
              </value>
            </param>
          </params>
          <reporter-output>
          </reporter-output>
        </test-method> <!-- setUp -->
        <test-method signature="getTitle()[pri:0, instance:dockerdemo.FirefoxDemo@161b062a]" started-at="2020-09-12T20:46:08 IST" name="getTitle" finished-at="2020-09-12T20:46:08 IST" duration-ms="24" status="PASS">
          <reporter-output>
          </reporter-output>
        </test-method> <!-- getTitle -->
        <test-method is-config="true" signature="tearDown()[pri:0, instance:dockerdemo.FirefoxDemo@161b062a]" started-at="2020-09-12T20:46:08 IST" name="tearDown" finished-at="2020-09-12T20:46:11 IST" duration-ms="2919" status="PASS">
          <reporter-output>
          </reporter-output>
        </test-method> <!-- tearDown -->
      </class> <!-- dockerdemo.FirefoxDemo -->
    </test> <!-- FirefoxDemo -->
  </suite> <!-- DockerEC2Demo -->
</testng-results>
